<?xml version="1.0" encoding="UTF-8"?>
<!-- Generated by org.testng.reporters.JUnitXMLReporter -->
<testsuite ignored="0" hostname="DESKTOP-LC9E4FE" failures="0" tests="1" name="Default test" time="0.086" errors="0" timestamp="2023-06-13T12:32:03 IST">
  <testcase classname="TestNgPack.TestFile1" name="@BeforeTest lounchBrowser" time="-1.686639723752E9">
    <failure type="org.testng.TestNGException" message="
Parameter &amp;apos;Browser123&amp;apos; is required by BeforeTest on method lounchBrowser but has not been marked @Optional or defined
in C:\Users\Admin\AppData\Local\Temp\testng-eclipse-1351734398\testng-customsuite.xml">
      <![CDATA[org.testng.TestNGException: 
Parameter 'Browser123' is required by BeforeTest on method lounchBrowser but has not been marked @Optional or defined
in C:\Users\Admin\AppData\Local\Temp\testng-eclipse-1351734398\testng-customsuite.xml
at org.testng.internal.Parameters.createParams(Parameters.java:267)
at org.testng.internal.Parameters.createParametersForMethod(Parameters.java:355)
at org.testng.internal.Parameters.createParameters(Parameters.java:660)
at org.testng.internal.Parameters.createConfigurationParameters(Parameters.java:166)
at org.testng.internal.invokers.ConfigInvoker.invokeConfigurations(ConfigInvoker.java:300)
at org.testng.TestRunner.invokeTestConfigurations(TestRunner.java:645)
at org.testng.TestRunner.beforeRun(TestRunner.java:634)
at org.testng.TestRunner.run(TestRunner.java:596)
at org.testng.SuiteRunner.runTest(SuiteRunner.java:429)
at org.testng.SuiteRunner.runSequentially(SuiteRunner.java:423)
at org.testng.SuiteRunner.privateRun(SuiteRunner.java:383)
at org.testng.SuiteRunner.run(SuiteRunner.java:326)
at org.testng.SuiteRunnerWorker.runSuite(SuiteRunnerWorker.java:52)
at org.testng.SuiteRunnerWorker.run(SuiteRunnerWorker.java:95)
at org.testng.TestNG.runSuitesSequentially(TestNG.java:1249)
at org.testng.TestNG.runSuitesLocally(TestNG.java:1169)
at org.testng.TestNG.runSuites(TestNG.java:1092)
at org.testng.TestNG.run(TestNG.java:1060)
at org.testng.remote.AbstractRemoteTestNG.run(AbstractRemoteTestNG.java:115)
at org.testng.remote.RemoteTestNG.initAndRun(RemoteTestNG.java:251)
at org.testng.remote.RemoteTestNG.main(RemoteTestNG.java:77)
]]>
    </failure>
  </testcase> <!-- @BeforeTest lounchBrowser -->
  <testcase classname="TestNgPack.TestFile1" name="@BeforeClass CreatePOMObject" time="0.0">
    <skipped/>
  </testcase> <!-- @BeforeClass CreatePOMObject -->
  <testcase classname="TestNgPack.TestFile1" name="@BeforeMethod VarifyTheCreateNewAccountButton" time="0.0">
    <skipped/>
  </testcase> <!-- @BeforeMethod VarifyTheCreateNewAccountButton -->
  <testcase classname="TestNgPack.TestFile1" name="@AfterMethod afterMethod" time="0.0">
    <skipped/>
  </testcase> <!-- @AfterMethod afterMethod -->
  <testcase classname="TestNgPack.TestFile1" name="@AfterClass afterClass" time="0.0">
    <skipped/>
  </testcase> <!-- @AfterClass afterClass -->
  <testcase classname="TestNgPack.TestFile1" name="@AfterTest afterTest" time="0.0">
    <skipped/>
  </testcase> <!-- @AfterTest afterTest -->
  <testcase classname="TestNgPack.TestFile1" name="VarifyTheCreateNewAccountFunctionality" time="0.0">
    <skipped/>
  </testcase> <!-- VarifyTheCreateNewAccountFunctionality -->
</testsuite> <!-- Default test -->
